<?xml version="1.0" encoding="UTF-8"?>
<testsuite xmlns:xsi="http://www.w3.org/2001/XMLSchema-instance" xsi:noNamespaceSchemaLocation="https://maven.apache.org/surefire/maven-surefire-plugin/xsd/surefire-test-report.xsd" name="TestSuite" time="108.369" tests="151" errors="0" skipped="0" failures="0">
  <properties>
    <property name="sun.desktop" value="windows"/>
    <property name="awt.toolkit" value="sun.awt.windows.WToolkit"/>
    <property name="file.encoding.pkg" value="sun.io"/>
    <property name="java.specification.version" value="1.8"/>
    <property name="sun.cpu.isalist" value="amd64"/>
    <property name="sun.jnu.encoding" value="Cp1251"/>
    <property name="java.class.path" value="C:\Users\user.inv5423-pc\Desktop\Smirnov Kirill\Initial1\target\test-classes;C:\Users\user.inv5423-pc\Desktop\Smirnov Kirill\Initial1\target\classes;C:\Users\user.inv5423-pc\.m2\repository\org\seleniumhq\selenium\selenium-java\3.8.1\selenium-java-3.8.1.jar;C:\Users\user.inv5423-pc\.m2\repository\org\seleniumhq\selenium\selenium-api\3.8.1\selenium-api-3.8.1.jar;C:\Users\user.inv5423-pc\.m2\repository\org\seleniumhq\selenium\selenium-chrome-driver\3.8.1\selenium-chrome-driver-3.8.1.jar;C:\Users\user.inv5423-pc\.m2\repository\org\seleniumhq\selenium\selenium-edge-driver\3.8.1\selenium-edge-driver-3.8.1.jar;C:\Users\user.inv5423-pc\.m2\repository\org\seleniumhq\selenium\selenium-firefox-driver\3.8.1\selenium-firefox-driver-3.8.1.jar;C:\Users\user.inv5423-pc\.m2\repository\org\seleniumhq\selenium\selenium-ie-driver\3.8.1\selenium-ie-driver-3.8.1.jar;C:\Users\user.inv5423-pc\.m2\repository\org\seleniumhq\selenium\selenium-opera-driver\3.8.1\selenium-opera-driver-3.8.1.jar;C:\Users\user.inv5423-pc\.m2\repository\org\seleniumhq\selenium\selenium-remote-driver\3.8.1\selenium-remote-driver-3.8.1.jar;C:\Users\user.inv5423-pc\.m2\repository\org\seleniumhq\selenium\selenium-safari-driver\3.8.1\selenium-safari-driver-3.8.1.jar;C:\Users\user.inv5423-pc\.m2\repository\org\seleniumhq\selenium\selenium-support\3.8.1\selenium-support-3.8.1.jar;C:\Users\user.inv5423-pc\.m2\repository\net\bytebuddy\byte-buddy\1.7.5\byte-buddy-1.7.5.jar;C:\Users\user.inv5423-pc\.m2\repository\org\apache\commons\commons-exec\1.3\commons-exec-1.3.jar;C:\Users\user.inv5423-pc\.m2\repository\commons-codec\commons-codec\1.10\commons-codec-1.10.jar;C:\Users\user.inv5423-pc\.m2\repository\commons-logging\commons-logging\1.2\commons-logging-1.2.jar;C:\Users\user.inv5423-pc\.m2\repository\com\google\code\gson\gson\2.8.2\gson-2.8.2.jar;C:\Users\user.inv5423-pc\.m2\repository\com\google\guava\guava\23.0\guava-23.0.jar;C:\Users\user.inv5423-pc\.m2\repository\com\google\code\findbugs\jsr305\1.3.9\jsr305-1.3.9.jar;C:\Users\user.inv5423-pc\.m2\repository\com\google\errorprone\error_prone_annotations\2.0.18\error_prone_annotations-2.0.18.jar;C:\Users\user.inv5423-pc\.m2\repository\com\google\j2objc\j2objc-annotations\1.1\j2objc-annotations-1.1.jar;C:\Users\user.inv5423-pc\.m2\repository\org\codehaus\mojo\animal-sniffer-annotations\1.14\animal-sniffer-annotations-1.14.jar;C:\Users\user.inv5423-pc\.m2\repository\org\apache\httpcomponents\httpclient\4.5.3\httpclient-4.5.3.jar;C:\Users\user.inv5423-pc\.m2\repository\org\apache\httpcomponents\httpcore\4.4.6\httpcore-4.4.6.jar;C:\Users\user.inv5423-pc\.m2\repository\org\testng\testng\6.13.1\testng-6.13.1.jar;C:\Users\user.inv5423-pc\.m2\repository\com\beust\jcommander\1.72\jcommander-1.72.jar;C:\Users\user.inv5423-pc\.m2\repository\ru\yandex\qatools\allure\allure-testng-adaptor\1.5.4\allure-testng-adaptor-1.5.4.jar;C:\Users\user.inv5423-pc\.m2\repository\ru\yandex\qatools\allure\allure-java-aspects\1.5.4\allure-java-aspects-1.5.4.jar;C:\Users\user.inv5423-pc\.m2\repository\ru\yandex\qatools\allure\allure-java-adaptor-api\1.5.4\allure-java-adaptor-api-1.5.4.jar;C:\Users\user.inv5423-pc\.m2\repository\ru\yandex\qatools\allure\allure-java-annotations\1.5.4\allure-java-annotations-1.5.4.jar;C:\Users\user.inv5423-pc\.m2\repository\ru\yandex\qatools\allure\allure-model\1.5.4\allure-model-1.5.4.jar;C:\Users\user.inv5423-pc\.m2\repository\org\jvnet\jaxb2_commons\jaxb2-basics-runtime\0.9.3\jaxb2-basics-runtime-0.9.3.jar;C:\Users\user.inv5423-pc\.m2\repository\ru\qatools\commons\properties\2.0.RC5\properties-2.0.RC5.jar;C:\Users\user.inv5423-pc\.m2\repository\org\slf4j\slf4j-api\1.7.12\slf4j-api-1.7.12.jar;C:\Users\user.inv5423-pc\.m2\repository\org\apache\tika\tika-core\1.7\tika-core-1.7.jar;C:\Users\user.inv5423-pc\.m2\repository\org\aspectj\aspectjrt\1.8.3\aspectjrt-1.8.3.jar;C:\Users\user.inv5423-pc\.m2\repository\org\apache\maven\surefire\surefire-testng-utils\2.20.1\surefire-testng-utils-2.20.1.jar;C:\Users\user.inv5423-pc\.m2\repository\org\apache\maven\surefire\surefire-grouper\2.20.1\surefire-grouper-2.20.1.jar;"/>
    <property name="java.vm.vendor" value="Oracle Corporation"/>
    <property name="sun.arch.data.model" value="64"/>
    <property name="user.variant" value=""/>
    <property name="java.vendor.url" value="http://java.oracle.com/"/>
    <property name="user.timezone" value=""/>
    <property name="java.vm.specification.version" value="1.8"/>
    <property name="os.name" value="Windows 7"/>
    <property name="user.country" value="RU"/>
    <property name="sun.java.launcher" value="SUN_STANDARD"/>
    <property name="sun.boot.library.path" value="C:\Program Files\Java\jdk1.8.0_102\jre\bin"/>
    <property name="sun.java.command" value="C:\Users\USER~1.INV\AppData\Local\Temp\surefire7992969161214799522\surefirebooter8920460786884678993.jar C:\Users\user.inv5423-pc\AppData\Local\Temp\surefire7992969161214799522 2018-02-05T13-29-44_685-jvmRun1 surefire5177295876041275116tmp surefire_06982671329952511465tmp"/>
    <property name="surefire.test.class.path" value="C:\Users\user.inv5423-pc\Desktop\Smirnov Kirill\Initial1\target\test-classes;C:\Users\user.inv5423-pc\Desktop\Smirnov Kirill\Initial1\target\classes;C:\Users\user.inv5423-pc\.m2\repository\org\seleniumhq\selenium\selenium-java\3.8.1\selenium-java-3.8.1.jar;C:\Users\user.inv5423-pc\.m2\repository\org\seleniumhq\selenium\selenium-api\3.8.1\selenium-api-3.8.1.jar;C:\Users\user.inv5423-pc\.m2\repository\org\seleniumhq\selenium\selenium-chrome-driver\3.8.1\selenium-chrome-driver-3.8.1.jar;C:\Users\user.inv5423-pc\.m2\repository\org\seleniumhq\selenium\selenium-edge-driver\3.8.1\selenium-edge-driver-3.8.1.jar;C:\Users\user.inv5423-pc\.m2\repository\org\seleniumhq\selenium\selenium-firefox-driver\3.8.1\selenium-firefox-driver-3.8.1.jar;C:\Users\user.inv5423-pc\.m2\repository\org\seleniumhq\selenium\selenium-ie-driver\3.8.1\selenium-ie-driver-3.8.1.jar;C:\Users\user.inv5423-pc\.m2\repository\org\seleniumhq\selenium\selenium-opera-driver\3.8.1\selenium-opera-driver-3.8.1.jar;C:\Users\user.inv5423-pc\.m2\repository\org\seleniumhq\selenium\selenium-remote-driver\3.8.1\selenium-remote-driver-3.8.1.jar;C:\Users\user.inv5423-pc\.m2\repository\org\seleniumhq\selenium\selenium-safari-driver\3.8.1\selenium-safari-driver-3.8.1.jar;C:\Users\user.inv5423-pc\.m2\repository\org\seleniumhq\selenium\selenium-support\3.8.1\selenium-support-3.8.1.jar;C:\Users\user.inv5423-pc\.m2\repository\net\bytebuddy\byte-buddy\1.7.5\byte-buddy-1.7.5.jar;C:\Users\user.inv5423-pc\.m2\repository\org\apache\commons\commons-exec\1.3\commons-exec-1.3.jar;C:\Users\user.inv5423-pc\.m2\repository\commons-codec\commons-codec\1.10\commons-codec-1.10.jar;C:\Users\user.inv5423-pc\.m2\repository\commons-logging\commons-logging\1.2\commons-logging-1.2.jar;C:\Users\user.inv5423-pc\.m2\repository\com\google\code\gson\gson\2.8.2\gson-2.8.2.jar;C:\Users\user.inv5423-pc\.m2\repository\com\google\guava\guava\23.0\guava-23.0.jar;C:\Users\user.inv5423-pc\.m2\repository\com\google\code\findbugs\jsr305\1.3.9\jsr305-1.3.9.jar;C:\Users\user.inv5423-pc\.m2\repository\com\google\errorprone\error_prone_annotations\2.0.18\error_prone_annotations-2.0.18.jar;C:\Users\user.inv5423-pc\.m2\repository\com\google\j2objc\j2objc-annotations\1.1\j2objc-annotations-1.1.jar;C:\Users\user.inv5423-pc\.m2\repository\org\codehaus\mojo\animal-sniffer-annotations\1.14\animal-sniffer-annotations-1.14.jar;C:\Users\user.inv5423-pc\.m2\repository\org\apache\httpcomponents\httpclient\4.5.3\httpclient-4.5.3.jar;C:\Users\user.inv5423-pc\.m2\repository\org\apache\httpcomponents\httpcore\4.4.6\httpcore-4.4.6.jar;C:\Users\user.inv5423-pc\.m2\repository\org\testng\testng\6.13.1\testng-6.13.1.jar;C:\Users\user.inv5423-pc\.m2\repository\com\beust\jcommander\1.72\jcommander-1.72.jar;C:\Users\user.inv5423-pc\.m2\repository\ru\yandex\qatools\allure\allure-testng-adaptor\1.5.4\allure-testng-adaptor-1.5.4.jar;C:\Users\user.inv5423-pc\.m2\repository\ru\yandex\qatools\allure\allure-java-aspects\1.5.4\allure-java-aspects-1.5.4.jar;C:\Users\user.inv5423-pc\.m2\repository\ru\yandex\qatools\allure\allure-java-adaptor-api\1.5.4\allure-java-adaptor-api-1.5.4.jar;C:\Users\user.inv5423-pc\.m2\repository\ru\yandex\qatools\allure\allure-java-annotations\1.5.4\allure-java-annotations-1.5.4.jar;C:\Users\user.inv5423-pc\.m2\repository\ru\yandex\qatools\allure\allure-model\1.5.4\allure-model-1.5.4.jar;C:\Users\user.inv5423-pc\.m2\repository\org\jvnet\jaxb2_commons\jaxb2-basics-runtime\0.9.3\jaxb2-basics-runtime-0.9.3.jar;C:\Users\user.inv5423-pc\.m2\repository\ru\qatools\commons\properties\2.0.RC5\properties-2.0.RC5.jar;C:\Users\user.inv5423-pc\.m2\repository\org\slf4j\slf4j-api\1.7.12\slf4j-api-1.7.12.jar;C:\Users\user.inv5423-pc\.m2\repository\org\apache\tika\tika-core\1.7\tika-core-1.7.jar;C:\Users\user.inv5423-pc\.m2\repository\org\aspectj\aspectjrt\1.8.3\aspectjrt-1.8.3.jar;C:\Users\user.inv5423-pc\.m2\repository\org\apache\maven\surefire\surefire-testng-utils\2.20.1\surefire-testng-utils-2.20.1.jar;C:\Users\user.inv5423-pc\.m2\repository\org\apache\maven\surefire\surefire-grouper\2.20.1\surefire-grouper-2.20.1.jar;"/>
    <property name="sun.cpu.endian" value="little"/>
    <property name="user.home" value="C:\Users\user.inv5423-pc"/>
    <property name="user.language" value="ru"/>
    <property name="java.specification.vendor" value="Oracle Corporation"/>
    <property name="java.home" value="C:\Program Files\Java\jdk1.8.0_102\jre"/>
    <property name="basedir" value="C:\Users\user.inv5423-pc\Desktop\Smirnov Kirill\Initial1"/>
    <property name="file.separator" value="\"/>
    <property name="line.separator" value="&#10;"/>
    <property name="java.vm.specification.vendor" value="Oracle Corporation"/>
    <property name="java.specification.name" value="Java Platform API Specification"/>
    <property name="java.awt.graphicsenv" value="sun.awt.Win32GraphicsEnvironment"/>
    <property name="surefire.real.class.path" value="C:\Users\USER~1.INV\AppData\Local\Temp\surefire7992969161214799522\surefirebooter8920460786884678993.jar;C:\Users\user.inv5423-pc\.m2\repository/org/aspectj/aspectjweaver/1.8.10/aspectjweaver-1.8.10.jar"/>
    <property name="sun.boot.class.path" value="C:\Program Files\Java\jdk1.8.0_102\jre\lib\resources.jar;C:\Program Files\Java\jdk1.8.0_102\jre\lib\rt.jar;C:\Program Files\Java\jdk1.8.0_102\jre\lib\sunrsasign.jar;C:\Program Files\Java\jdk1.8.0_102\jre\lib\jsse.jar;C:\Program Files\Java\jdk1.8.0_102\jre\lib\jce.jar;C:\Program Files\Java\jdk1.8.0_102\jre\lib\charsets.jar;C:\Program Files\Java\jdk1.8.0_102\jre\lib\jfr.jar;C:\Program Files\Java\jdk1.8.0_102\jre\classes"/>
    <property name="user.script" value=""/>
    <property name="sun.management.compiler" value="HotSpot 64-Bit Tiered Compilers"/>
    <property name="java.runtime.version" value="1.8.0_102-b14"/>
    <property name="user.name" value="user"/>
    <property name="path.separator" value=";"/>
    <property name="os.version" value="6.1"/>
    <property name="java.endorsed.dirs" value="C:\Program Files\Java\jdk1.8.0_102\jre\lib\endorsed"/>
    <property name="java.runtime.name" value="Java(TM) SE Runtime Environment"/>
    <property name="file.encoding" value="Cp1251"/>
    <property name="java.vm.name" value="Java HotSpot(TM) 64-Bit Server VM"/>
    <property name="localRepository" value="C:\Users\user.inv5423-pc\.m2\repository"/>
    <property name="java.vendor.url.bug" value="http://bugreport.sun.com/bugreport/"/>
    <property name="java.io.tmpdir" value="C:\Users\USER~1.INV\AppData\Local\Temp\"/>
    <property name="idea.version" value="2016.2.4"/>
    <property name="java.version" value="1.8.0_102"/>
    <property name="user.dir" value="C:\Users\user.inv5423-pc\Desktop\Smirnov Kirill\Initial1"/>
    <property name="os.arch" value="amd64"/>
    <property name="java.vm.specification.name" value="Java Virtual Machine Specification"/>
    <property name="java.awt.printerjob" value="sun.awt.windows.WPrinterJob"/>
    <property name="sun.os.patch.level" value="Service Pack 1"/>
    <property name="java.library.path" value="C:\Program Files\Java\jdk1.8.0_102\jre\bin;C:\Windows\Sun\Java\bin;C:\Windows\system32;C:\Windows;C:\ProgramData\Oracle\Java\javapath;C:\Program Files (x86)\Intel\iCLS Client\;C:\Program Files\Intel\iCLS Client\;C:\Windows\system32;C:\Windows;C:\Windows\System32\Wbem;C:\Windows\System32\WindowsPowerShell\v1.0\;C:\Program Files\Intel\Intel(R) Management Engine Components\DAL;C:\Program Files\Intel\Intel(R) Management Engine Components\IPT;C:\Program Files (x86)\Intel\Intel(R) Management Engine Components\DAL;C:\Program Files (x86)\Intel\Intel(R) Management Engine Components\IPT;C:\Program Files (x86)\ATI Technologies\ATI.ACE\Core-Static;C:\Program Files\TortoiseSVN\bin;C:\Program Files (x86)\HP\LoadRunner\strawberry-perl\perl\bin;C:\Program Files (x86)\Skype\Phone\;C:\Program Files (x86)\PICT\;C:\Users\user.inv5423-pc\Downloads\allure1-1.5.4\allure1-1.5.4;C:\Program Files\apache-maven-3.5.2\bin;C:\Program Files\Java\jdk1.8.0_102\bin;C:\Program Files (x86)\Google\Chrome\Application;C:\ProgramData\Oracle\Java\javapath;C:\Program Files (x86)\Intel\iCLS Client\;C:\Program Files\Intel\iCLS Client\;C:\Windows\system32;C:\Windows;C:\Windows\System32\Wbem;C:\Windows\System32\WindowsPowerShell\v1.0\;C:\Program Files\Intel\Intel(R) Management Engine Components\DAL;C:\Program Files\Intel\Intel(R) Management Engine Components\IPT;C:\Program Files (x86)\Intel\Intel(R) Management Engine Components\DAL;C:\Program Files (x86)\Intel\Intel(R) Management Engine Components\IPT;C:\Program Files (x86)\ATI Technologies\ATI.ACE\Core-Static;C:\Program Files\TortoiseSVN\bin;C:\Program Files (x86)\HP\LoadRunner\strawberry-perl\perl\bin;C:\Program Files (x86)\Skype\Phone\;C:\Program Files (x86)\PICT\;C:\Users\user.inv5423-pc\Downloads\apache-maven-3.5.2-bin\apache-maven-3.5.2\bin;C:\Users\user.inv5423-pc\Downloads\allure1-1.5.4\allure1-1.5.4;."/>
    <property name="java.vm.info" value="mixed mode"/>
    <property name="java.vendor" value="Oracle Corporation"/>
    <property name="java.vm.version" value="25.102-b14"/>
    <property name="java.ext.dirs" value="C:\Program Files\Java\jdk1.8.0_102\jre\lib\ext;C:\Windows\Sun\Java\lib\ext"/>
    <property name="sun.io.unicode.encoding" value="UnicodeLittle"/>
    <property name="java.class.version" value="52.0"/>
  </properties>
  <testcase name="checkPageName" classname="stepDefinition.AddNewActiveTypeCash" time="0.118"/>
  <testcase name="userFillsValidLogin" classname="stepDefinition.AddNewActiveTypeCash" time="0.16"/>
  <testcase name="userFillsValidPassword" classname="stepDefinition.AddNewActiveTypeCash" time="0.173"/>
  <testcase name="userPushEnterButton" classname="stepDefinition.AddNewActiveTypeCash" time="2.863"/>
  <testcase name="checkModalWindowName" classname="stepDefinition.AddNewActiveTypeCash" time="0.093"/>
  <testcase name="userChooseOrganization" classname="stepDefinition.AddNewActiveTypeCash" time="0.07"/>
  <testcase name="pushChooseButton" classname="stepDefinition.AddNewActiveTypeCash" time="0.111"/>
  <testcase name="checkLogoName" classname="stepDefinition.AddNewActiveTypeCash" time="0.129"/>
  <testcase name="checkOrganizationName" classname="stepDefinition.AddNewActiveTypeCash" time="0.847"/>
  <testcase name="pushSettingsBar" classname="stepDefinition.AddNewActiveTypeCash" time="0.117"/>
  <testcase name="pushReferenceBooks" classname="stepDefinition.AddNewActiveTypeCash" time="3.12"/>
  <testcase name="checkDictionaryName" classname="stepDefinition.AddNewActiveTypeCash" time="1.093"/>
  <testcase name="pushAccountNumber" classname="stepDefinition.AddNewActiveTypeCash" time="0.032"/>
  <testcase name="pushSearchIcon" classname="stepDefinition.AddNewActiveTypeCash" time="4.108"/>
  <testcase name="checkSearchWindow" classname="stepDefinition.AddNewActiveTypeCash" time="0.116"/>
  <testcase name="pushFirstSearchOption" classname="stepDefinition.AddNewActiveTypeCash" time="0.048"/>
  <testcase name="pushSecondSearchOption" classname="stepDefinition.AddNewActiveTypeCash" time="0.072"/>
  <testcase name="fillsSearchOption" classname="stepDefinition.AddNewActiveTypeCash" time="0.105"/>
  <testcase name="pushSearchButton" classname="stepDefinition.AddNewActiveTypeCash" time="0.141"/>
  <testcase name="checkPresenseOfElements" classname="stepDefinition.AddNewActiveTypeCash" time="1.069"/>
  <testcase name="pushCollectionAndMaintenanceofData" classname="stepDefinition.AddNewActiveTypeCash" time="1.073"/>
  <testcase name="pushAssetList" classname="stepDefinition.AddNewActiveTypeCash" time="0.095"/>
  <testcase name="checkAssetListName" classname="stepDefinition.AddNewActiveTypeCash" time="1.083"/>
  <testcase name="pushCreateButton" classname="stepDefinition.AddNewActiveTypeCash" time="0.064"/>
  <testcase name="checkAssetFunctionalType" classname="stepDefinition.AddNewActiveTypeCash" time="0.16"/>
  <testcase name="checkAssetListFirstStep" classname="stepDefinition.AddNewActiveTypeCash" time="0.095"/>
  <testcase name="checkAssetType" classname="stepDefinition.AddNewActiveTypeCash" time="0.074"/>
  <testcase name="checkFOName" classname="stepDefinition.AddNewActiveTypeCash" time="0.031"/>
  <testcase name="checkSelectOrg" classname="stepDefinition.AddNewActiveTypeCash" time="0.031"/>
  <testcase name="pushAssetFunctionalType" classname="stepDefinition.AddNewActiveTypeCash" time="0.048"/>
  <testcase name="pushContinueButton" classname="stepDefinition.AddNewActiveTypeCash" time="0.1"/>
  <testcase name="checkAssetListSecondStep" classname="stepDefinition.AddNewActiveTypeCash" time="1.21"/>
  <testcase name="checkAssetConnectionName" classname="stepDefinition.AddNewActiveTypeCash" time="0.065"/>
  <testcase name="checkInventoryName" classname="stepDefinition.AddNewActiveTypeCash" time="0.062"/>
  <testcase name="checkMainAssetLinks" classname="stepDefinition.AddNewActiveTypeCash" time="0.794"/>
  <testcase name="userFillsAccountNumber" classname="stepDefinition.AddNewActiveTypeCash" time="0.576"/>
  <testcase name="userFillsAssetName" classname="stepDefinition.AddNewActiveTypeCash" time="1.14"/>
  <testcase name="userFillsBalanceInitial" classname="stepDefinition.AddNewActiveTypeCash" time="0.33"/>
  <testcase name="checkCurrency" classname="stepDefinition.AddNewActiveTypeCash" time="4.046"/>
  <testcase name="checkBalanceInitialCurrency" classname="stepDefinition.AddNewActiveTypeCash" time="0.051"/>
  <testcase name="checkCurrentBalanceName" classname="stepDefinition.AddNewActiveTypeCash" time="0.063"/>
  <testcase name="pushReceivingButton" classname="stepDefinition.AddNewActiveTypeCash" time="0.11"/>
  <testcase name="checkCurrentBalanceCurrency" classname="stepDefinition.AddNewActiveTypeCash" time="0.062"/>
  <testcase name="userFillsStartDate" classname="stepDefinition.AddNewActiveTypeCash" time="1.358"/>
  <testcase name="userFillsEndDate" classname="stepDefinition.AddNewActiveTypeCash" time="0.372"/>
  <testcase name="pushSaveButton" classname="stepDefinition.AddNewActiveTypeCash" time="1.777"/>
  <testcase name="pushCollectionAndMaintenanceofDataToCheck" classname="stepDefinition.AddNewActiveTypeCash" time="1.093"/>
  <testcase name="pushAssetListToCheck" classname="stepDefinition.AddNewActiveTypeCash" time="0.173"/>
  <testcase name="pushSearchIconToCheck" classname="stepDefinition.AddNewActiveTypeCash" time="4.13"/>
  <testcase name="checkSearchWindowToCheck" classname="stepDefinition.AddNewActiveTypeCash" time="0.116"/>
  <testcase name="pushFirstSearchOptionToCheck" classname="stepDefinition.AddNewActiveTypeCash" time="0.063"/>
  <testcase name="pushSecondSearchOptionToCheck" classname="stepDefinition.AddNewActiveTypeCash" time="0.087"/>
  <testcase name="fillsSearchOptionToCheck" classname="stepDefinition.AddNewActiveTypeCash" time="0.514"/>
  <testcase name="pushSearchButtonToCheck" classname="stepDefinition.AddNewActiveTypeCash" time="0.46"/>
  <testcase name="checkPresenseOfAsset" classname="stepDefinition.AddNewActiveTypeCash" time="1.027"/>
  <testcase name="pushCheckboxToDelete" classname="stepDefinition.AddNewActiveTypeCash" time="1.112"/>
  <testcase name="pushDeleteButton" classname="stepDefinition.AddNewActiveTypeCash" time="0.096"/>
  <testcase name="pushYesButton" classname="stepDefinition.AddNewActiveTypeCash" time="1.657"/>
  <testcase name="pushCloseButton" classname="stepDefinition.AddNewActiveTypeCash" time="0.064"/>
  <testcase name="pushPreExitButton" classname="stepDefinition.AddNewActiveTypeCash" time="1.079"/>
  <testcase name="pushExitButton" classname="stepDefinition.AddNewActiveTypeCash" time="0.065"/>
  <testcase name="checkPageName" classname="stepDefinition.AddNewContractOfStorage" time="0.063"/>
  <testcase name="userFillsValidLogin" classname="stepDefinition.AddNewContractOfStorage" time="0.114"/>
  <testcase name="userFillsValidPassword" classname="stepDefinition.AddNewContractOfStorage" time="0.11"/>
  <testcase name="userPushEnterButton" classname="stepDefinition.AddNewContractOfStorage" time="2.033"/>
  <testcase name="checkModalWindowName" classname="stepDefinition.AddNewContractOfStorage" time="0.062"/>
  <testcase name="userChooseOrganization" classname="stepDefinition.AddNewContractOfStorage" time="0.053"/>
  <testcase name="pushChooseButton" classname="stepDefinition.AddNewContractOfStorage" time="0.081"/>
  <testcase name="checkLogoName" classname="stepDefinition.AddNewContractOfStorage" time="0.104"/>
  <testcase name="checkOrganizationName" classname="stepDefinition.AddNewContractOfStorage" time="0.805"/>
  <testcase name="pushCollectionAndMaintenanceofData" classname="stepDefinition.AddNewContractOfStorage" time="3.138"/>
  <testcase name="pushDocumentsDLKO" classname="stepDefinition.AddNewContractOfStorage" time="0.089"/>
  <testcase name="checkDocumentsDLKO" classname="stepDefinition.AddNewContractOfStorage" time="1.066"/>
  <testcase name="pushSearchIcon" classname="stepDefinition.AddNewContractOfStorage" time="4.1"/>
  <testcase name="checkSearchWindow" classname="stepDefinition.AddNewContractOfStorage" time="0.111"/>
  <testcase name="pushFirstSearchOptionForDLKO" classname="stepDefinition.AddNewContractOfStorage" time="0.041"/>
  <testcase name="pushSecondSearchOptionForDLKO" classname="stepDefinition.AddNewContractOfStorage" time="0.061"/>
  <testcase name="fillsSearchOptionForDLKO" classname="stepDefinition.AddNewContractOfStorage" time="0.208"/>
  <testcase name="pushSearchButton" classname="stepDefinition.AddNewContractOfStorage" time="0.153"/>
  <testcase name="checkPresenseOfElements" classname="stepDefinition.AddNewContractOfStorage" time="1.054"/>
  <testcase name="pushCheckBox" classname="stepDefinition.AddNewContractOfStorage" time="0.078"/>
  <testcase name="pushStorageButton" classname="stepDefinition.AddNewContractOfStorage" time="0.083"/>
  <testcase name="mouseOnCreateDocumentButton" classname="stepDefinition.AddNewContractOfStorage" time="0.081"/>
  <testcase name="pushDocumentWithBank" classname="stepDefinition.AddNewContractOfStorage" time="0.082"/>
  <testcase name="checkCreatingStrorageDocumentName" classname="stepDefinition.AddNewContractOfStorage" time="1.063"/>
  <testcase name="checkFieldsDisabled" classname="stepDefinition.AddNewContractOfStorage" time="0.061"/>
  <testcase name="checkFirstDisabled" classname="stepDefinition.AddNewContractOfStorage" time="1.027"/>
  <testcase name="checkSecondDisabled" classname="stepDefinition.AddNewContractOfStorage" time="0.031"/>
  <testcase name="checkMainStorageDocumentFields" classname="stepDefinition.AddNewContractOfStorage" time="0.591"/>
  <testcase name="checkBank" classname="stepDefinition.AddNewContractOfStorage" time="0.063"/>
  <testcase name="checkCheckboxesNames" classname="stepDefinition.AddNewContractOfStorage" time="0.171"/>
  <testcase name="pushBankName" classname="stepDefinition.AddNewContractOfStorage" time="0.112"/>
  <testcase name="pushDocumentNumberName" classname="stepDefinition.AddNewContractOfStorage" time="0.219"/>
  <testcase name="pushDocumentDateName" classname="stepDefinition.AddNewContractOfStorage" time="0.339"/>
  <testcase name="pushDocumentTimeName" classname="stepDefinition.AddNewContractOfStorage" time="0.278"/>
  <testcase name="pushTerminateDateName" classname="stepDefinition.AddNewContractOfStorage" time="0.343"/>
  <testcase name="pushCommentName" classname="stepDefinition.AddNewContractOfStorage" time="0.161"/>
  <testcase name="pushCheckboxes" classname="stepDefinition.AddNewContractOfStorage" time="0.241"/>
  <testcase name="pushChooseAdress" classname="stepDefinition.AddNewContractOfStorage" time="0.075"/>
  <testcase name="checkAddressForm" classname="stepDefinition.AddNewContractOfStorage" time="0.634"/>
  <testcase name="pushState" classname="stepDefinition.AddNewContractOfStorage" time="0.048"/>
  <testcase name="fillRegion" classname="stepDefinition.AddNewContractOfStorage" time="0.269"/>
  <testcase name="fillCity" classname="stepDefinition.AddNewContractOfStorage" time="0.225"/>
  <testcase name="fillSettlement" classname="stepDefinition.AddNewContractOfStorage" time="0.282"/>
  <testcase name="fillStreet" classname="stepDefinition.AddNewContractOfStorage" time="0.232"/>
  <testcase name="fillHome" classname="stepDefinition.AddNewContractOfStorage" time="0.136"/>
  <testcase name="fillIndex" classname="stepDefinition.AddNewContractOfStorage" time="0.211"/>
  <testcase name="pushSaveButton" classname="stepDefinition.AddNewContractOfStorage" time="0.11"/>
  <testcase name="pushSaveButtonGlobal" classname="stepDefinition.AddNewContractOfStorage" time="2.487"/>
  <testcase name="pushAssetName" classname="stepDefinition.AddNewContractOfStorage" time="1.085"/>
  <testcase name="checkPresenceOfDocumentByDateAndNumber" classname="stepDefinition.AddNewContractOfStorage" time="0.178"/>
  <testcase name="pushPreExitButton" classname="stepDefinition.AddNewContractOfStorage" time="1.089"/>
  <testcase name="pushExitButton" classname="stepDefinition.AddNewContractOfStorage" time="0.085"/>
  <testcase name="checkPageName" classname="stepDefinition.AuthentificationInvalidDataTestCase" time="0.079"/>
  <testcase name="userFillsLoginFieldInvalid" classname="stepDefinition.AuthentificationInvalidDataTestCase" time="0.076"/>
  <testcase name="userFillsPasswordFieldInvalid" classname="stepDefinition.AuthentificationInvalidDataTestCase" time="0.1"/>
  <testcase name="userPushEnterButton" classname="stepDefinition.AuthentificationInvalidDataTestCase" time="0.121"/>
  <testcase name="checkWrongLoginOrPassword" classname="stepDefinition.AuthentificationInvalidDataTestCase" time="0.07"/>
  <testcase name="checkPageName" classname="stepDefinition.AuthentificationValidDataTestCase" time="0.062"/>
  <testcase name="userFillsValidLogin" classname="stepDefinition.AuthentificationValidDataTestCase" time="0.084"/>
  <testcase name="userFillsValidPassword" classname="stepDefinition.AuthentificationValidDataTestCase" time="0.103"/>
  <testcase name="userPushEnterButton" classname="stepDefinition.AuthentificationValidDataTestCase" time="1.927"/>
  <testcase name="checkModalWindowName" classname="stepDefinition.AuthentificationValidDataTestCase" time="0.078"/>
  <testcase name="userChooseOrganization" classname="stepDefinition.AuthentificationValidDataTestCase" time="0.07"/>
  <testcase name="pushChooseButton" classname="stepDefinition.AuthentificationValidDataTestCase" time="0.076"/>
  <testcase name="checkLogoName" classname="stepDefinition.AuthentificationValidDataTestCase" time="0.106"/>
  <testcase name="checkOrganizationName" classname="stepDefinition.AuthentificationValidDataTestCase" time="0.826"/>
  <testcase name="pushPreExitButton" classname="stepDefinition.AuthentificationValidDataTestCase" time="0.099"/>
  <testcase name="pushExitButton" classname="stepDefinition.AuthentificationValidDataTestCase" time="0.112"/>
  <testcase name="checkPageName" classname="stepDefinition.CheckAccountNumberBegins" time="0.063"/>
  <testcase name="userFillsValidLogin" classname="stepDefinition.CheckAccountNumberBegins" time="0.079"/>
  <testcase name="userFillsValidPassword" classname="stepDefinition.CheckAccountNumberBegins" time="0.099"/>
  <testcase name="userPushEnterButton" classname="stepDefinition.CheckAccountNumberBegins" time="1.776"/>
  <testcase name="checkModalWindowName" classname="stepDefinition.CheckAccountNumberBegins" time="0.078"/>
  <testcase name="userChooseOrganization" classname="stepDefinition.CheckAccountNumberBegins" time="0.055"/>
  <testcase name="pushChooseButton" classname="stepDefinition.CheckAccountNumberBegins" time="0.079"/>
  <testcase name="checkLogoName" classname="stepDefinition.CheckAccountNumberBegins" time="0.085"/>
  <testcase name="checkOrganizationName" classname="stepDefinition.CheckAccountNumberBegins" time="0.343"/>
  <testcase name="pushSettingsBar" classname="stepDefinition.CheckAccountNumberBegins" time="0.562"/>
  <testcase name="pushReferenceBooks" classname="stepDefinition.CheckAccountNumberBegins" time="3.126"/>
  <testcase name="checkDictionaryName" classname="stepDefinition.CheckAccountNumberBegins" time="1.086"/>
  <testcase name="pushAccountNumber" classname="stepDefinition.CheckAccountNumberBegins" time="0.047"/>
  <testcase name="pushSearchIcon" classname="stepDefinition.CheckAccountNumberBegins" time="4.131"/>
  <testcase name="checkSearchWindow" classname="stepDefinition.CheckAccountNumberBegins" time="0.125"/>
  <testcase name="fillsSearchOption" classname="stepDefinition.CheckAccountNumberBegins" time="0.081"/>
  <testcase name="pushFirstSearchOption" classname="stepDefinition.CheckAccountNumberBegins" time="0.063"/>
  <testcase name="pushSecondSearchOption" classname="stepDefinition.CheckAccountNumberBegins" time="0.071"/>
  <testcase name="pushSearchButton" classname="stepDefinition.CheckAccountNumberBegins" time="0.124"/>
  <testcase name="checkPresenseOfElements" classname="stepDefinition.CheckAccountNumberBegins" time="1.048"/>
  <testcase name="pushPreExitButton" classname="stepDefinition.CheckAccountNumberBegins" time="0.064"/>
  <testcase name="pushExitButton" classname="stepDefinition.CheckAccountNumberBegins" time="0.082"/>
</testsuite>