<?xml version="1.0" encoding="UTF-8"?>
<!-- Generated by org.testng.reporters.JUnitReportReporter -->
<testsuite skipped="0" hostname="inv5423-pc" name="stepDefinition.CheckAccountNumberBegins" tests="22" failures="0" timestamp="05 фев 2018 09:37:48 GMT" time="13.267" errors="0">
  <testcase name="pushPreExitButton" time="0.053" classname="stepDefinition.CheckAccountNumberBegins"/>
  <testcase name="userPushEnterButton" time="1.741" classname="stepDefinition.CheckAccountNumberBegins"/>
  <testcase name="userFillsValidLogin" time="0.102" classname="stepDefinition.CheckAccountNumberBegins"/>
  <testcase name="checkPageName" time="0.068" classname="stepDefinition.CheckAccountNumberBegins"/>
  <testcase name="pushExitButton" time="0.080" classname="stepDefinition.CheckAccountNumberBegins"/>
  <testcase name="fillsSearchOption" time="0.124" classname="stepDefinition.CheckAccountNumberBegins"/>
  <testcase name="pushChooseButton" time="0.078" classname="stepDefinition.CheckAccountNumberBegins"/>
  <testcase name="pushAccountNumber" time="0.056" classname="stepDefinition.CheckAccountNumberBegins"/>
  <testcase name="pushSearchButton" time="0.123" classname="stepDefinition.CheckAccountNumberBegins"/>
  <testcase name="checkDictionaryName" time="1.085" classname="stepDefinition.CheckAccountNumberBegins"/>
  <testcase name="pushReferenceBooks" time="3.122" classname="stepDefinition.CheckAccountNumberBegins"/>
  <testcase name="pushSearchIcon" time="4.110" classname="stepDefinition.CheckAccountNumberBegins"/>
  <testcase name="checkLogoName" time="0.099" classname="stepDefinition.CheckAccountNumberBegins"/>
  <testcase name="pushSettingsBar" time="0.096" classname="stepDefinition.CheckAccountNumberBegins"/>
  <testcase name="checkOrganizationName" time="0.827" classname="stepDefinition.CheckAccountNumberBegins"/>
  <testcase name="pushSecondSearchOption" time="0.069" classname="stepDefinition.CheckAccountNumberBegins"/>
  <testcase name="pushFirstSearchOption" time="0.046" classname="stepDefinition.CheckAccountNumberBegins"/>
  <testcase name="checkPresenseOfElements" time="1.039" classname="stepDefinition.CheckAccountNumberBegins"/>
  <testcase name="userFillsValidPassword" time="0.117" classname="stepDefinition.CheckAccountNumberBegins"/>
  <testcase name="userChooseOrganization" time="0.069" classname="stepDefinition.CheckAccountNumberBegins"/>
  <testcase name="checkModalWindowName" time="0.069" classname="stepDefinition.CheckAccountNumberBegins"/>
  <testcase name="checkSearchWindow" time="0.094" classname="stepDefinition.CheckAccountNumberBegins"/>
</testsuite> <!-- stepDefinition.CheckAccountNumberBegins -->
