<?xml version="1.0" encoding="UTF-8"?>
<!-- Generated by org.testng.reporters.JUnitReportReporter -->
<testsuite skipped="0" hostname="inv5423-pc" name="stepDefinition.AuthentificationInvalidDataTestCase" tests="5" failures="0" timestamp="05 фев 2018 10:31:34 GMT" time="0.451" errors="0">
  <testcase name="userPushEnterButton" time="0.120" classname="stepDefinition.AuthentificationInvalidDataTestCase"/>
  <testcase name="userFillsLoginFieldInvalid" time="0.092" classname="stepDefinition.AuthentificationInvalidDataTestCase"/>
  <testcase name="checkPageName" time="0.063" classname="stepDefinition.AuthentificationInvalidDataTestCase"/>
  <testcase name="checkWrongLoginOrPassword" time="0.075" classname="stepDefinition.AuthentificationInvalidDataTestCase"/>
  <testcase name="userFillsPasswordFieldInvalid" time="0.101" classname="stepDefinition.AuthentificationInvalidDataTestCase"/>
</testsuite> <!-- stepDefinition.AuthentificationInvalidDataTestCase -->
