<?xml version="1.0" encoding="UTF-8"?>
<!-- Generated by org.testng.reporters.JUnitReportReporter -->
<testsuite skipped="0" hostname="inv5423-pc" name="stepDefinition.AddNewActiveTypeCash" tests="61" failures="0" timestamp="05 фев 2018 09:37:48 GMT" time="43.731" errors="0">
  <testcase name="userFillsStartDate" time="1.347" classname="stepDefinition.AddNewActiveTypeCash"/>
  <testcase name="pushCloseButton" time="0.086" classname="stepDefinition.AddNewActiveTypeCash"/>
  <testcase name="pushFirstSearchOptionToCheck" time="0.078" classname="stepDefinition.AddNewActiveTypeCash"/>
  <testcase name="userPushEnterButton" time="2.697" classname="stepDefinition.AddNewActiveTypeCash"/>
  <testcase name="pushSecondSearchOption" time="0.059" classname="stepDefinition.AddNewActiveTypeCash"/>
  <testcase name="checkPresenseOfElements" time="1.034" classname="stepDefinition.AddNewActiveTypeCash"/>
  <testcase name="pushContinueButton" time="0.111" classname="stepDefinition.AddNewActiveTypeCash"/>
  <testcase name="pushYesButton" time="1.597" classname="stepDefinition.AddNewActiveTypeCash"/>
  <testcase name="userFillsAssetName" time="0.513" classname="stepDefinition.AddNewActiveTypeCash"/>
  <testcase name="pushChooseButton" time="0.101" classname="stepDefinition.AddNewActiveTypeCash"/>
  <testcase name="checkPresenseOfAsset" time="1.032" classname="stepDefinition.AddNewActiveTypeCash"/>
  <testcase name="checkSelectOrg" time="0.036" classname="stepDefinition.AddNewActiveTypeCash"/>
  <testcase name="checkModalWindowName" time="0.117" classname="stepDefinition.AddNewActiveTypeCash"/>
  <testcase name="checkAssetConnectionName" time="0.059" classname="stepDefinition.AddNewActiveTypeCash"/>
  <testcase name="userFillsBalanceInitial" time="0.291" classname="stepDefinition.AddNewActiveTypeCash"/>
  <testcase name="pushCollectionAndMaintenanceofData" time="1.075" classname="stepDefinition.AddNewActiveTypeCash"/>
  <testcase name="userFillsValidPassword" time="0.117" classname="stepDefinition.AddNewActiveTypeCash"/>
  <testcase name="pushSecondSearchOptionToCheck" time="0.113" classname="stepDefinition.AddNewActiveTypeCash"/>
  <testcase name="pushSearchButtonToCheck" time="0.506" classname="stepDefinition.AddNewActiveTypeCash"/>
  <testcase name="pushSearchIcon" time="4.131" classname="stepDefinition.AddNewActiveTypeCash"/>
  <testcase name="userFillsEndDate" time="0.346" classname="stepDefinition.AddNewActiveTypeCash"/>
  <testcase name="pushFirstSearchOption" time="0.065" classname="stepDefinition.AddNewActiveTypeCash"/>
  <testcase name="pushReceivingButton" time="0.107" classname="stepDefinition.AddNewActiveTypeCash"/>
  <testcase name="pushCreateButton" time="0.072" classname="stepDefinition.AddNewActiveTypeCash"/>
  <testcase name="userFillsValidLogin" time="0.160" classname="stepDefinition.AddNewActiveTypeCash"/>
  <testcase name="pushCheckboxToDelete" time="1.116" classname="stepDefinition.AddNewActiveTypeCash"/>
  <testcase name="pushAccountNumber" time="0.216" classname="stepDefinition.AddNewActiveTypeCash"/>
  <testcase name="checkOrganizationName" time="1.011" classname="stepDefinition.AddNewActiveTypeCash"/>
  <testcase name="checkAssetListFirstStep" time="0.090" classname="stepDefinition.AddNewActiveTypeCash"/>
  <testcase name="pushSettingsBar" time="0.090" classname="stepDefinition.AddNewActiveTypeCash"/>
  <testcase name="checkFOName" time="0.044" classname="stepDefinition.AddNewActiveTypeCash"/>
  <testcase name="fillsSearchOption" time="0.194" classname="stepDefinition.AddNewActiveTypeCash"/>
  <testcase name="checkAssetType" time="0.056" classname="stepDefinition.AddNewActiveTypeCash"/>
  <testcase name="checkAssetListName" time="1.091" classname="stepDefinition.AddNewActiveTypeCash"/>
  <testcase name="checkAssetListSecondStep" time="1.157" classname="stepDefinition.AddNewActiveTypeCash"/>
  <testcase name="pushAssetFunctionalType" time="0.084" classname="stepDefinition.AddNewActiveTypeCash"/>
  <testcase name="pushPreExitButton" time="1.107" classname="stepDefinition.AddNewActiveTypeCash"/>
  <testcase name="pushAssetListToCheck" time="0.203" classname="stepDefinition.AddNewActiveTypeCash"/>
  <testcase name="checkInventoryName" time="0.067" classname="stepDefinition.AddNewActiveTypeCash"/>
  <testcase name="checkCurrentBalanceName" time="0.057" classname="stepDefinition.AddNewActiveTypeCash"/>
  <testcase name="checkSearchWindow" time="0.105" classname="stepDefinition.AddNewActiveTypeCash"/>
  <testcase name="checkBalanceInitialCurrency" time="0.049" classname="stepDefinition.AddNewActiveTypeCash"/>
  <testcase name="pushSearchButton" time="0.168" classname="stepDefinition.AddNewActiveTypeCash"/>
  <testcase name="checkMainAssetLinks" time="0.903" classname="stepDefinition.AddNewActiveTypeCash"/>
  <testcase name="userFillsAccountNumber" time="1.440" classname="stepDefinition.AddNewActiveTypeCash"/>
  <testcase name="pushCollectionAndMaintenanceofDataToCheck" time="1.095" classname="stepDefinition.AddNewActiveTypeCash"/>
  <testcase name="checkCurrentBalanceCurrency" time="0.081" classname="stepDefinition.AddNewActiveTypeCash"/>
  <testcase name="pushSaveButton" time="1.744" classname="stepDefinition.AddNewActiveTypeCash"/>
  <testcase name="pushExitButton" time="0.077" classname="stepDefinition.AddNewActiveTypeCash"/>
  <testcase name="checkCurrency" time="4.146" classname="stepDefinition.AddNewActiveTypeCash"/>
  <testcase name="fillsSearchOptionToCheck" time="0.537" classname="stepDefinition.AddNewActiveTypeCash"/>
  <testcase name="pushDeleteButton" time="0.091" classname="stepDefinition.AddNewActiveTypeCash"/>
  <testcase name="pushSearchIconToCheck" time="4.136" classname="stepDefinition.AddNewActiveTypeCash"/>
  <testcase name="checkSearchWindowToCheck" time="0.100" classname="stepDefinition.AddNewActiveTypeCash"/>
  <testcase name="checkAssetFunctionalType" time="0.170" classname="stepDefinition.AddNewActiveTypeCash"/>
  <testcase name="checkLogoName" time="0.156" classname="stepDefinition.AddNewActiveTypeCash"/>
  <testcase name="checkDictionaryName" time="1.310" classname="stepDefinition.AddNewActiveTypeCash"/>
  <testcase name="userChooseOrganization" time="0.103" classname="stepDefinition.AddNewActiveTypeCash"/>
  <testcase name="pushAssetList" time="0.116" classname="stepDefinition.AddNewActiveTypeCash"/>
  <testcase name="pushReferenceBooks" time="4.516" classname="stepDefinition.AddNewActiveTypeCash"/>
  <testcase name="checkPageName" time="0.255" classname="stepDefinition.AddNewActiveTypeCash"/>
</testsuite> <!-- stepDefinition.AddNewActiveTypeCash -->
