<?xml version="1.0" encoding="UTF-8"?>
<!-- Generated by org.testng.reporters.JUnitReportReporter -->
<testsuite skipped="0" hostname="inv5423-pc" name="stepDefinition.AuthentificationValidDataTestCase" tests="11" failures="0" timestamp="05 фев 2018 09:37:48 GMT" time="3.508" errors="0">
  <testcase name="checkOrganizationName" time="0.810" classname="stepDefinition.AuthentificationValidDataTestCase"/>
  <testcase name="userFillsValidPassword" time="0.100" classname="stepDefinition.AuthentificationValidDataTestCase"/>
  <testcase name="checkModalWindowName" time="0.076" classname="stepDefinition.AuthentificationValidDataTestCase"/>
  <testcase name="pushPreExitButton" time="0.097" classname="stepDefinition.AuthentificationValidDataTestCase"/>
  <testcase name="pushChooseButton" time="0.082" classname="stepDefinition.AuthentificationValidDataTestCase"/>
  <testcase name="checkLogoName" time="0.109" classname="stepDefinition.AuthentificationValidDataTestCase"/>
  <testcase name="userPushEnterButton" time="1.882" classname="stepDefinition.AuthentificationValidDataTestCase"/>
  <testcase name="userChooseOrganization" time="0.083" classname="stepDefinition.AuthentificationValidDataTestCase"/>
  <testcase name="pushExitButton" time="0.110" classname="stepDefinition.AuthentificationValidDataTestCase"/>
  <testcase name="checkPageName" time="0.067" classname="stepDefinition.AuthentificationValidDataTestCase"/>
  <testcase name="userFillsValidLogin" time="0.092" classname="stepDefinition.AuthentificationValidDataTestCase"/>
</testsuite> <!-- stepDefinition.AuthentificationValidDataTestCase -->
