<?xml version="1.0" encoding="UTF-8"?>
<!-- Generated by org.testng.reporters.JUnitReportReporter -->
<testsuite skipped="0" hostname="inv5423-pc" name="stepDefinition.AuthentificationInvalidDataTestCase" tests="5" failures="0" timestamp="05 фев 2018 09:37:48 GMT" time="0.471" errors="0">
  <testcase name="userFillsPasswordFieldInvalid" time="0.101" classname="stepDefinition.AuthentificationInvalidDataTestCase"/>
  <testcase name="userPushEnterButton" time="0.129" classname="stepDefinition.AuthentificationInvalidDataTestCase"/>
  <testcase name="checkPageName" time="0.082" classname="stepDefinition.AuthentificationInvalidDataTestCase"/>
  <testcase name="userFillsLoginFieldInvalid" time="0.085" classname="stepDefinition.AuthentificationInvalidDataTestCase"/>
  <testcase name="checkWrongLoginOrPassword" time="0.074" classname="stepDefinition.AuthentificationInvalidDataTestCase"/>
</testsuite> <!-- stepDefinition.AuthentificationInvalidDataTestCase -->
