<?xml version="1.0" encoding="UTF-8"?>
<!-- Generated by org.testng.reporters.JUnitReportReporter -->
<testsuite skipped="0" hostname="inv5423-pc" name="stepDefinition.AuthentificationValidDataTestCase" tests="11" failures="0" timestamp="05 фев 2018 10:31:34 GMT" time="3.551" errors="0">
  <testcase name="userFillsValidPassword" time="0.103" classname="stepDefinition.AuthentificationValidDataTestCase"/>
  <testcase name="userPushEnterButton" time="1.933" classname="stepDefinition.AuthentificationValidDataTestCase"/>
  <testcase name="checkModalWindowName" time="0.078" classname="stepDefinition.AuthentificationValidDataTestCase"/>
  <testcase name="userChooseOrganization" time="0.068" classname="stepDefinition.AuthentificationValidDataTestCase"/>
  <testcase name="pushExitButton" time="0.113" classname="stepDefinition.AuthentificationValidDataTestCase"/>
  <testcase name="pushPreExitButton" time="0.100" classname="stepDefinition.AuthentificationValidDataTestCase"/>
  <testcase name="pushChooseButton" time="0.079" classname="stepDefinition.AuthentificationValidDataTestCase"/>
  <testcase name="checkLogoName" time="0.106" classname="stepDefinition.AuthentificationValidDataTestCase"/>
  <testcase name="checkPageName" time="0.062" classname="stepDefinition.AuthentificationValidDataTestCase"/>
  <testcase name="userFillsValidLogin" time="0.084" classname="stepDefinition.AuthentificationValidDataTestCase"/>
  <testcase name="checkOrganizationName" time="0.825" classname="stepDefinition.AuthentificationValidDataTestCase"/>
</testsuite> <!-- stepDefinition.AuthentificationValidDataTestCase -->
