<?xml version="1.0" encoding="UTF-8"?>
<!-- Generated by org.testng.reporters.JUnitReportReporter -->
<testsuite skipped="0" hostname="inv5423-pc" name="stepDefinition.AddNewContractOfStorage" tests="52" failures="0" timestamp="05 фев 2018 10:31:34 GMT" time="25.661" errors="0">
  <testcase name="pushAssetName" time="1.090" classname="stepDefinition.AddNewContractOfStorage"/>
  <testcase name="pushStorageButton" time="0.086" classname="stepDefinition.AddNewContractOfStorage"/>
  <testcase name="pushBankName" time="0.111" classname="stepDefinition.AddNewContractOfStorage"/>
  <testcase name="pushSearchIcon" time="4.101" classname="stepDefinition.AddNewContractOfStorage"/>
  <testcase name="fillStreet" time="0.232" classname="stepDefinition.AddNewContractOfStorage"/>
  <testcase name="checkCreatingStrorageDocumentName" time="1.062" classname="stepDefinition.AddNewContractOfStorage"/>
  <testcase name="userPushEnterButton" time="2.034" classname="stepDefinition.AddNewContractOfStorage"/>
  <testcase name="checkDocumentsDLKO" time="1.068" classname="stepDefinition.AddNewContractOfStorage"/>
  <testcase name="pushDocumentWithBank" time="0.082" classname="stepDefinition.AddNewContractOfStorage"/>
  <testcase name="pushState" time="0.048" classname="stepDefinition.AddNewContractOfStorage"/>
  <testcase name="pushDocumentDateName" time="0.340" classname="stepDefinition.AddNewContractOfStorage"/>
  <testcase name="userChooseOrganization" time="0.053" classname="stepDefinition.AddNewContractOfStorage"/>
  <testcase name="pushCheckBox" time="0.078" classname="stepDefinition.AddNewContractOfStorage"/>
  <testcase name="checkPresenceOfDocumentByDateAndNumber" time="0.179" classname="stepDefinition.AddNewContractOfStorage"/>
  <testcase name="checkPresenseOfElements" time="1.056" classname="stepDefinition.AddNewContractOfStorage"/>
  <testcase name="pushSaveButtonGlobal" time="2.482" classname="stepDefinition.AddNewContractOfStorage"/>
  <testcase name="pushSaveButton" time="0.108" classname="stepDefinition.AddNewContractOfStorage"/>
  <testcase name="userFillsValidLogin" time="0.129" classname="stepDefinition.AddNewContractOfStorage"/>
  <testcase name="pushDocumentNumberName" time="0.221" classname="stepDefinition.AddNewContractOfStorage"/>
  <testcase name="fillsSearchOptionForDLKO" time="0.207" classname="stepDefinition.AddNewContractOfStorage"/>
  <testcase name="checkFirstDisabled" time="1.027" classname="stepDefinition.AddNewContractOfStorage"/>
  <testcase name="checkBank" time="0.063" classname="stepDefinition.AddNewContractOfStorage"/>
  <testcase name="fillCity" time="0.226" classname="stepDefinition.AddNewContractOfStorage"/>
  <testcase name="checkSearchWindow" time="0.112" classname="stepDefinition.AddNewContractOfStorage"/>
  <testcase name="pushCollectionAndMaintenanceofData" time="3.142" classname="stepDefinition.AddNewContractOfStorage"/>
  <testcase name="checkSecondDisabled" time="0.031" classname="stepDefinition.AddNewContractOfStorage"/>
  <testcase name="pushCheckboxes" time="0.243" classname="stepDefinition.AddNewContractOfStorage"/>
  <testcase name="fillRegion" time="0.268" classname="stepDefinition.AddNewContractOfStorage"/>
  <testcase name="pushTerminateDateName" time="0.344" classname="stepDefinition.AddNewContractOfStorage"/>
  <testcase name="checkFieldsDisabled" time="0.061" classname="stepDefinition.AddNewContractOfStorage"/>
  <testcase name="mouseOnCreateDocumentButton" time="0.083" classname="stepDefinition.AddNewContractOfStorage"/>
  <testcase name="fillSettlement" time="0.282" classname="stepDefinition.AddNewContractOfStorage"/>
  <testcase name="pushPreExitButton" time="1.091" classname="stepDefinition.AddNewContractOfStorage"/>
  <testcase name="userFillsValidPassword" time="0.111" classname="stepDefinition.AddNewContractOfStorage"/>
  <testcase name="pushExitButton" time="0.085" classname="stepDefinition.AddNewContractOfStorage"/>
  <testcase name="checkMainStorageDocumentFields" time="0.591" classname="stepDefinition.AddNewContractOfStorage"/>
  <testcase name="checkCheckboxesNames" time="0.171" classname="stepDefinition.AddNewContractOfStorage"/>
  <testcase name="pushSecondSearchOptionForDLKO" time="0.062" classname="stepDefinition.AddNewContractOfStorage"/>
  <testcase name="pushCommentName" time="0.161" classname="stepDefinition.AddNewContractOfStorage"/>
  <testcase name="fillHome" time="0.143" classname="stepDefinition.AddNewContractOfStorage"/>
  <testcase name="pushDocumentsDLKO" time="0.088" classname="stepDefinition.AddNewContractOfStorage"/>
  <testcase name="checkAddressForm" time="0.636" classname="stepDefinition.AddNewContractOfStorage"/>
  <testcase name="checkOrganizationName" time="0.802" classname="stepDefinition.AddNewContractOfStorage"/>
  <testcase name="pushSearchButton" time="0.152" classname="stepDefinition.AddNewContractOfStorage"/>
  <testcase name="pushChooseButton" time="0.080" classname="stepDefinition.AddNewContractOfStorage"/>
  <testcase name="fillIndex" time="0.211" classname="stepDefinition.AddNewContractOfStorage"/>
  <testcase name="checkPageName" time="0.063" classname="stepDefinition.AddNewContractOfStorage"/>
  <testcase name="pushFirstSearchOptionForDLKO" time="0.041" classname="stepDefinition.AddNewContractOfStorage"/>
  <testcase name="pushChooseAdress" time="0.077" classname="stepDefinition.AddNewContractOfStorage"/>
  <testcase name="checkLogoName" time="0.106" classname="stepDefinition.AddNewContractOfStorage"/>
  <testcase name="checkModalWindowName" time="0.062" classname="stepDefinition.AddNewContractOfStorage"/>
  <testcase name="pushDocumentTimeName" time="0.279" classname="stepDefinition.AddNewContractOfStorage"/>
</testsuite> <!-- stepDefinition.AddNewContractOfStorage -->
