<?xml version="1.0" encoding="UTF-8"?>
<!-- Generated by org.testng.reporters.JUnitReportReporter -->
<testsuite skipped="0" hostname="inv5423-pc" name="stepDefinition.CheckAccountNumberBegins" tests="22" failures="0" timestamp="05 фев 2018 10:31:34 GMT" time="13.290" errors="0">
  <testcase name="pushPreExitButton" time="0.064" classname="stepDefinition.CheckAccountNumberBegins"/>
  <testcase name="pushAccountNumber" time="0.063" classname="stepDefinition.CheckAccountNumberBegins"/>
  <testcase name="pushFirstSearchOption" time="0.063" classname="stepDefinition.CheckAccountNumberBegins"/>
  <testcase name="checkModalWindowName" time="0.078" classname="stepDefinition.CheckAccountNumberBegins"/>
  <testcase name="checkLogoName" time="0.085" classname="stepDefinition.CheckAccountNumberBegins"/>
  <testcase name="pushSearchButton" time="0.118" classname="stepDefinition.CheckAccountNumberBegins"/>
  <testcase name="userFillsValidLogin" time="0.078" classname="stepDefinition.CheckAccountNumberBegins"/>
  <testcase name="userChooseOrganization" time="0.054" classname="stepDefinition.CheckAccountNumberBegins"/>
  <testcase name="checkPresenseOfElements" time="1.054" classname="stepDefinition.CheckAccountNumberBegins"/>
  <testcase name="pushReferenceBooks" time="3.128" classname="stepDefinition.CheckAccountNumberBegins"/>
  <testcase name="pushExitButton" time="0.082" classname="stepDefinition.CheckAccountNumberBegins"/>
  <testcase name="userPushEnterButton" time="1.777" classname="stepDefinition.CheckAccountNumberBegins"/>
  <testcase name="pushChooseButton" time="0.081" classname="stepDefinition.CheckAccountNumberBegins"/>
  <testcase name="fillsSearchOption" time="0.081" classname="stepDefinition.CheckAccountNumberBegins"/>
  <testcase name="checkPageName" time="0.063" classname="stepDefinition.CheckAccountNumberBegins"/>
  <testcase name="pushSettingsBar" time="0.562" classname="stepDefinition.CheckAccountNumberBegins"/>
  <testcase name="checkSearchWindow" time="0.136" classname="stepDefinition.CheckAccountNumberBegins"/>
  <testcase name="checkOrganizationName" time="0.344" classname="stepDefinition.CheckAccountNumberBegins"/>
  <testcase name="checkDictionaryName" time="1.087" classname="stepDefinition.CheckAccountNumberBegins"/>
  <testcase name="pushSearchIcon" time="4.122" classname="stepDefinition.CheckAccountNumberBegins"/>
  <testcase name="pushSecondSearchOption" time="0.071" classname="stepDefinition.CheckAccountNumberBegins"/>
  <testcase name="userFillsValidPassword" time="0.099" classname="stepDefinition.CheckAccountNumberBegins"/>
</testsuite> <!-- stepDefinition.CheckAccountNumberBegins -->
