<?xml version="1.0" encoding="UTF-8"?>
<!-- Generated by org.testng.reporters.JUnitReportReporter -->
<testsuite skipped="0" hostname="inv5423-pc" name="stepDefinition.AddNewContractOfStorage" tests="52" failures="0" timestamp="05 фев 2018 09:37:48 GMT" time="25.807" errors="0">
  <testcase name="checkSearchWindow" time="0.094" classname="stepDefinition.AddNewContractOfStorage"/>
  <testcase name="checkMainStorageDocumentFields" time="0.610" classname="stepDefinition.AddNewContractOfStorage"/>
  <testcase name="pushCheckBox" time="0.090" classname="stepDefinition.AddNewContractOfStorage"/>
  <testcase name="pushSearchIcon" time="4.098" classname="stepDefinition.AddNewContractOfStorage"/>
  <testcase name="pushChooseAdress" time="0.090" classname="stepDefinition.AddNewContractOfStorage"/>
  <testcase name="mouseOnCreateDocumentButton" time="0.065" classname="stepDefinition.AddNewContractOfStorage"/>
  <testcase name="checkFieldsDisabled" time="0.063" classname="stepDefinition.AddNewContractOfStorage"/>
  <testcase name="fillIndex" time="0.197" classname="stepDefinition.AddNewContractOfStorage"/>
  <testcase name="checkAddressForm" time="0.644" classname="stepDefinition.AddNewContractOfStorage"/>
  <testcase name="checkCreatingStrorageDocumentName" time="1.063" classname="stepDefinition.AddNewContractOfStorage"/>
  <testcase name="pushChooseButton" time="0.081" classname="stepDefinition.AddNewContractOfStorage"/>
  <testcase name="pushAssetName" time="1.085" classname="stepDefinition.AddNewContractOfStorage"/>
  <testcase name="pushTerminateDateName" time="0.309" classname="stepDefinition.AddNewContractOfStorage"/>
  <testcase name="fillHome" time="0.133" classname="stepDefinition.AddNewContractOfStorage"/>
  <testcase name="checkFirstDisabled" time="1.016" classname="stepDefinition.AddNewContractOfStorage"/>
  <testcase name="checkPresenceOfDocumentByDateAndNumber" time="0.181" classname="stepDefinition.AddNewContractOfStorage"/>
  <testcase name="pushSearchButton" time="0.156" classname="stepDefinition.AddNewContractOfStorage"/>
  <testcase name="pushState" time="0.066" classname="stepDefinition.AddNewContractOfStorage"/>
  <testcase name="pushCheckboxes" time="0.231" classname="stepDefinition.AddNewContractOfStorage"/>
  <testcase name="fillRegion" time="0.305" classname="stepDefinition.AddNewContractOfStorage"/>
  <testcase name="checkSecondDisabled" time="0.006" classname="stepDefinition.AddNewContractOfStorage"/>
  <testcase name="userFillsValidPassword" time="0.134" classname="stepDefinition.AddNewContractOfStorage"/>
  <testcase name="userPushEnterButton" time="2.045" classname="stepDefinition.AddNewContractOfStorage"/>
  <testcase name="checkModalWindowName" time="0.051" classname="stepDefinition.AddNewContractOfStorage"/>
  <testcase name="checkOrganizationName" time="0.808" classname="stepDefinition.AddNewContractOfStorage"/>
  <testcase name="pushBankName" time="0.130" classname="stepDefinition.AddNewContractOfStorage"/>
  <testcase name="pushExitButton" time="0.119" classname="stepDefinition.AddNewContractOfStorage"/>
  <testcase name="pushSaveButton" time="0.118" classname="stepDefinition.AddNewContractOfStorage"/>
  <testcase name="checkCheckboxesNames" time="0.163" classname="stepDefinition.AddNewContractOfStorage"/>
  <testcase name="pushCollectionAndMaintenanceofData" time="3.095" classname="stepDefinition.AddNewContractOfStorage"/>
  <testcase name="pushDocumentWithBank" time="0.085" classname="stepDefinition.AddNewContractOfStorage"/>
  <testcase name="pushSaveButtonGlobal" time="2.492" classname="stepDefinition.AddNewContractOfStorage"/>
  <testcase name="userChooseOrganization" time="0.085" classname="stepDefinition.AddNewContractOfStorage"/>
  <testcase name="checkPageName" time="0.099" classname="stepDefinition.AddNewContractOfStorage"/>
  <testcase name="fillCity" time="0.254" classname="stepDefinition.AddNewContractOfStorage"/>
  <testcase name="fillStreet" time="0.233" classname="stepDefinition.AddNewContractOfStorage"/>
  <testcase name="checkPresenseOfElements" time="1.031" classname="stepDefinition.AddNewContractOfStorage"/>
  <testcase name="userFillsValidLogin" time="0.084" classname="stepDefinition.AddNewContractOfStorage"/>
  <testcase name="checkDocumentsDLKO" time="1.175" classname="stepDefinition.AddNewContractOfStorage"/>
  <testcase name="pushPreExitButton" time="1.078" classname="stepDefinition.AddNewContractOfStorage"/>
  <testcase name="fillSettlement" time="0.241" classname="stepDefinition.AddNewContractOfStorage"/>
  <testcase name="checkLogoName" time="0.109" classname="stepDefinition.AddNewContractOfStorage"/>
  <testcase name="pushDocumentTimeName" time="0.288" classname="stepDefinition.AddNewContractOfStorage"/>
  <testcase name="pushStorageButton" time="0.090" classname="stepDefinition.AddNewContractOfStorage"/>
  <testcase name="checkBank" time="0.063" classname="stepDefinition.AddNewContractOfStorage"/>
  <testcase name="pushDocumentsDLKO" time="0.110" classname="stepDefinition.AddNewContractOfStorage"/>
  <testcase name="pushDocumentDateName" time="0.344" classname="stepDefinition.AddNewContractOfStorage"/>
  <testcase name="pushCommentName" time="0.166" classname="stepDefinition.AddNewContractOfStorage"/>
  <testcase name="fillsSearchOptionForDLKO" time="0.204" classname="stepDefinition.AddNewContractOfStorage"/>
  <testcase name="pushFirstSearchOptionForDLKO" time="0.065" classname="stepDefinition.AddNewContractOfStorage"/>
  <testcase name="pushSecondSearchOptionForDLKO" time="0.058" classname="stepDefinition.AddNewContractOfStorage"/>
  <testcase name="pushDocumentNumberName" time="0.207" classname="stepDefinition.AddNewContractOfStorage"/>
</testsuite> <!-- stepDefinition.AddNewContractOfStorage -->
