<?xml version="1.0" encoding="UTF-8"?>
<!-- Generated by org.testng.reporters.JUnitReportReporter -->
<testsuite skipped="0" hostname="inv5423-pc" name="stepDefinition.AddNewActiveTypeCash" tests="61" failures="0" timestamp="05 фев 2018 10:31:34 GMT" time="41.413" errors="0">
  <testcase name="userFillsAssetName" time="1.147" classname="stepDefinition.AddNewActiveTypeCash"/>
  <testcase name="checkOrganizationName" time="0.851" classname="stepDefinition.AddNewActiveTypeCash"/>
  <testcase name="userFillsStartDate" time="1.359" classname="stepDefinition.AddNewActiveTypeCash"/>
  <testcase name="checkSelectOrg" time="0.047" classname="stepDefinition.AddNewActiveTypeCash"/>
  <testcase name="pushAssetListToCheck" time="0.173" classname="stepDefinition.AddNewActiveTypeCash"/>
  <testcase name="pushCloseButton" time="0.064" classname="stepDefinition.AddNewActiveTypeCash"/>
  <testcase name="checkBalanceInitialCurrency" time="0.053" classname="stepDefinition.AddNewActiveTypeCash"/>
  <testcase name="pushFirstSearchOptionToCheck" time="0.063" classname="stepDefinition.AddNewActiveTypeCash"/>
  <testcase name="pushCollectionAndMaintenanceofData" time="1.073" classname="stepDefinition.AddNewActiveTypeCash"/>
  <testcase name="pushSearchButtonToCheck" time="0.459" classname="stepDefinition.AddNewActiveTypeCash"/>
  <testcase name="checkAssetType" time="0.076" classname="stepDefinition.AddNewActiveTypeCash"/>
  <testcase name="checkDictionaryName" time="1.096" classname="stepDefinition.AddNewActiveTypeCash"/>
  <testcase name="userChooseOrganization" time="0.068" classname="stepDefinition.AddNewActiveTypeCash"/>
  <testcase name="pushSaveButton" time="1.776" classname="stepDefinition.AddNewActiveTypeCash"/>
  <testcase name="checkAssetListSecondStep" time="1.214" classname="stepDefinition.AddNewActiveTypeCash"/>
  <testcase name="checkAssetConnectionName" time="0.071" classname="stepDefinition.AddNewActiveTypeCash"/>
  <testcase name="checkAssetFunctionalType" time="0.162" classname="stepDefinition.AddNewActiveTypeCash"/>
  <testcase name="checkPageName" time="0.180" classname="stepDefinition.AddNewActiveTypeCash"/>
  <testcase name="checkPresenseOfElements" time="1.072" classname="stepDefinition.AddNewActiveTypeCash"/>
  <testcase name="pushCheckboxToDelete" time="1.112" classname="stepDefinition.AddNewActiveTypeCash"/>
  <testcase name="checkModalWindowName" time="0.093" classname="stepDefinition.AddNewActiveTypeCash"/>
  <testcase name="pushAssetFunctionalType" time="0.048" classname="stepDefinition.AddNewActiveTypeCash"/>
  <testcase name="fillsSearchOption" time="0.104" classname="stepDefinition.AddNewActiveTypeCash"/>
  <testcase name="pushCollectionAndMaintenanceofDataToCheck" time="1.095" classname="stepDefinition.AddNewActiveTypeCash"/>
  <testcase name="pushSearchButton" time="0.139" classname="stepDefinition.AddNewActiveTypeCash"/>
  <testcase name="checkMainAssetLinks" time="0.809" classname="stepDefinition.AddNewActiveTypeCash"/>
  <testcase name="userFillsBalanceInitial" time="0.335" classname="stepDefinition.AddNewActiveTypeCash"/>
  <testcase name="pushSecondSearchOption" time="0.080" classname="stepDefinition.AddNewActiveTypeCash"/>
  <testcase name="checkSearchWindowToCheck" time="0.120" classname="stepDefinition.AddNewActiveTypeCash"/>
  <testcase name="userPushEnterButton" time="2.877" classname="stepDefinition.AddNewActiveTypeCash"/>
  <testcase name="userFillsEndDate" time="0.374" classname="stepDefinition.AddNewActiveTypeCash"/>
  <testcase name="checkLogoName" time="0.138" classname="stepDefinition.AddNewActiveTypeCash"/>
  <testcase name="userFillsValidLogin" time="0.145" classname="stepDefinition.AddNewActiveTypeCash"/>
  <testcase name="checkFOName" time="0.031" classname="stepDefinition.AddNewActiveTypeCash"/>
  <testcase name="pushAssetList" time="0.095" classname="stepDefinition.AddNewActiveTypeCash"/>
  <testcase name="pushCreateButton" time="0.063" classname="stepDefinition.AddNewActiveTypeCash"/>
  <testcase name="checkCurrentBalanceName" time="0.078" classname="stepDefinition.AddNewActiveTypeCash"/>
  <testcase name="checkCurrentBalanceCurrency" time="0.064" classname="stepDefinition.AddNewActiveTypeCash"/>
  <testcase name="pushYesButton" time="1.660" classname="stepDefinition.AddNewActiveTypeCash"/>
  <testcase name="fillsSearchOptionToCheck" time="0.516" classname="stepDefinition.AddNewActiveTypeCash"/>
  <testcase name="userFillsAccountNumber" time="0.576" classname="stepDefinition.AddNewActiveTypeCash"/>
  <testcase name="pushSearchIconToCheck" time="4.137" classname="stepDefinition.AddNewActiveTypeCash"/>
  <testcase name="pushSearchIcon" time="4.109" classname="stepDefinition.AddNewActiveTypeCash"/>
  <testcase name="pushDeleteButton" time="0.107" classname="stepDefinition.AddNewActiveTypeCash"/>
  <testcase name="pushPreExitButton" time="1.079" classname="stepDefinition.AddNewActiveTypeCash"/>
  <testcase name="checkAssetListFirstStep" time="0.099" classname="stepDefinition.AddNewActiveTypeCash"/>
  <testcase name="pushReceivingButton" time="0.106" classname="stepDefinition.AddNewActiveTypeCash"/>
  <testcase name="checkPresenseOfAsset" time="1.035" classname="stepDefinition.AddNewActiveTypeCash"/>
  <testcase name="pushContinueButton" time="0.101" classname="stepDefinition.AddNewActiveTypeCash"/>
  <testcase name="pushExitButton" time="0.065" classname="stepDefinition.AddNewActiveTypeCash"/>
  <testcase name="pushAccountNumber" time="0.064" classname="stepDefinition.AddNewActiveTypeCash"/>
  <testcase name="pushSecondSearchOptionToCheck" time="0.086" classname="stepDefinition.AddNewActiveTypeCash"/>
  <testcase name="pushChooseButton" time="0.102" classname="stepDefinition.AddNewActiveTypeCash"/>
  <testcase name="checkSearchWindow" time="0.108" classname="stepDefinition.AddNewActiveTypeCash"/>
  <testcase name="checkAssetListName" time="1.087" classname="stepDefinition.AddNewActiveTypeCash"/>
  <testcase name="pushReferenceBooks" time="3.121" classname="stepDefinition.AddNewActiveTypeCash"/>
  <testcase name="userFillsValidPassword" time="0.168" classname="stepDefinition.AddNewActiveTypeCash"/>
  <testcase name="pushSettingsBar" time="0.122" classname="stepDefinition.AddNewActiveTypeCash"/>
  <testcase name="checkInventoryName" time="0.065" classname="stepDefinition.AddNewActiveTypeCash"/>
  <testcase name="checkCurrency" time="4.048" classname="stepDefinition.AddNewActiveTypeCash"/>
  <testcase name="pushFirstSearchOption" time="0.048" classname="stepDefinition.AddNewActiveTypeCash"/>
</testsuite> <!-- stepDefinition.AddNewActiveTypeCash -->
